<?xml version="1.0" encoding="UTF-8"?>
<!-- Generated by org.testng.reporters.JUnitReportReporter -->
<testsuite hostname="LTIN518392" failures="0" tests="12" name="testCases.TC_002_validate_Headers_and_SubHeaders" time="0.000" errors="0" timestamp="2024-03-28T12:26:39 IST" skipped="12">
  <testcase classname="testCases.TC_002_validate_Headers_and_SubHeaders" name="clickCompany" time="0.000">
    <skipped/>
  </testcase> <!-- clickCompany -->
  <testcase classname="testCases.TC_002_validate_Headers_and_SubHeaders" name="clickCompany" time="0.000">
    <skipped/>
  </testcase> <!-- clickCompany -->
  <testcase classname="testCases.TC_002_validate_Headers_and_SubHeaders" name="clickServicesLines" time="0.000">
    <skipped/>
  </testcase> <!-- clickServicesLines -->
  <testcase classname="testCases.TC_002_validate_Headers_and_SubHeaders" name="clickServicesLines" time="0.000">
    <skipped/>
  </testcase> <!-- clickServicesLines -->
  <testcase classname="testCases.TC_002_validate_Headers_and_SubHeaders" name="clickSalesResources" time="0.000">
    <skipped/>
  </testcase> <!-- clickSalesResources -->
  <testcase classname="testCases.TC_002_validate_Headers_and_SubHeaders" name="clickSalesResources" time="0.000">
    <skipped/>
  </testcase> <!-- clickSalesResources -->
  <testcase classname="testCases.TC_002_validate_Headers_and_SubHeaders" name="clickMarketsandCountries" time="0.000">
    <skipped/>
  </testcase> <!-- clickMarketsandCountries -->
  <testcase classname="testCases.TC_002_validate_Headers_and_SubHeaders" name="clickMarketsandCountries" time="0.000">
    <skipped/>
  </testcase> <!-- clickMarketsandCountries -->
  <testcase classname="testCases.TC_002_validate_Headers_and_SubHeaders" name="clickCorporatefunction" time="0.000">
    <skipped/>
  </testcase> <!-- clickCorporatefunction -->
  <testcase classname="testCases.TC_002_validate_Headers_and_SubHeaders" name="clickCorporatefunction" time="0.000">
    <skipped/>
  </testcase> <!-- clickCorporatefunction -->
  <testcase classname="testCases.TC_002_validate_Headers_and_SubHeaders" name="clickPeople" time="0.000">
    <skipped/>
  </testcase> <!-- clickPeople -->
  <testcase classname="testCases.TC_002_validate_Headers_and_SubHeaders" name="clickPeople" time="0.000">
    <skipped/>
  </testcase> <!-- clickPeople -->
</testsuite> <!-- testCases.TC_002_validate_Headers_and_SubHeaders -->
