<?xml version="1.0" encoding="UTF-8"?>
<!-- Generated by org.testng.reporters.JUnitReportReporter -->
<testsuite hostname="LTIN518392" failures="0" tests="4" name="testCases.TC_001_validateUserInformation_Headers_subHeaders" time="8.195" errors="0" timestamp="2024-03-27T23:30:49 IST" skipped="0">
  <testcase classname="testCases.TC_001_validateUserInformation_Headers_subHeaders" name="the_user_close_on_user_icon" time="0.046"/>
  <testcase classname="testCases.TC_001_validateUserInformation_Headers_subHeaders" name="the_user_navigated_to_the_cognizant_page" time="5.034"/>
  <testcase classname="testCases.TC_001_validateUserInformation_Headers_subHeaders" name="the_user_clicks_on_user_icon" time="3.040"/>
  <testcase classname="testCases.TC_001_validateUserInformation_Headers_subHeaders" name="user_can_validate_the_mail_contains_cognizant_com" time="0.075"/>
</testsuite> <!-- testCases.TC_001_validateUserInformation_Headers_subHeaders -->
