<?xml version="1.0" encoding="UTF-8"?>
<!-- Generated by org.testng.reporters.JUnitReportReporter -->
<testsuite hostname="LTIN518392" failures="0" tests="2" name="testCases.TC_003_validate_Ethics_And_Compilance" time="2.429" errors="0" timestamp="2024-04-02T13:52:14 IST" skipped="1">
  <testcase classname="testCases.TC_003_validate_Ethics_And_Compilance" name="verifyEthicsAndCompliance" time="2.429"/>
  <testcase classname="testCases.TC_003_validate_Ethics_And_Compilance" name="verifyEthicsAndCompliance" time="0.000">
    <skipped/>
  </testcase> <!-- verifyEthicsAndCompliance -->
</testsuite> <!-- testCases.TC_003_validate_Ethics_And_Compilance -->
