<?xml version="1.0" encoding="UTF-8"?>
<!-- Generated by org.testng.reporters.JUnitReportReporter -->
<testsuite hostname="LTIN518392" failures="0" tests="22" name="testCases.TC_004_validate_ResourceLinks" time="45.755" errors="0" timestamp="2024-04-02T13:52:14 IST" skipped="11">
  <testcase classname="testCases.TC_004_validate_ResourceLinks" name="navigateEthics" time="0.000">
    <skipped/>
  </testcase> <!-- navigateEthics -->
  <testcase classname="testCases.TC_004_validate_ResourceLinks" name="navigateEthics" time="2.451"/>
  <testcase classname="testCases.TC_004_validate_ResourceLinks" name="verifyPage" time="0.000">
    <skipped/>
  </testcase> <!-- verifyPage -->
  <testcase classname="testCases.TC_004_validate_ResourceLinks" name="verifyPage" time="0.070"/>
  <testcase classname="testCases.TC_004_validate_ResourceLinks" name="validateHelpline" time="0.000">
    <skipped/>
  </testcase> <!-- validateHelpline -->
  <testcase classname="testCases.TC_004_validate_ResourceLinks" name="validateHelpline" time="3.579"/>
  <testcase classname="testCases.TC_004_validate_ResourceLinks" name="validateCodeofEthics" time="13.699"/>
  <testcase classname="testCases.TC_004_validate_ResourceLinks" name="validateCodeofEthics" time="0.000">
    <skipped/>
  </testcase> <!-- validateCodeofEthics -->
  <testcase classname="testCases.TC_004_validate_ResourceLinks" name="validateGlobalCorporatePolicies" time="0.000">
    <skipped/>
  </testcase> <!-- validateGlobalCorporatePolicies -->
  <testcase classname="testCases.TC_004_validate_ResourceLinks" name="validateGlobalCorporatePolicies" time="3.784"/>
  <testcase classname="testCases.TC_004_validate_ResourceLinks" name="validateEthicsandCompliancePolicies" time="3.379"/>
  <testcase classname="testCases.TC_004_validate_ResourceLinks" name="validateEthicsandCompliancePolicies" time="0.000">
    <skipped/>
  </testcase> <!-- validateEthicsandCompliancePolicies -->
  <testcase classname="testCases.TC_004_validate_ResourceLinks" name="validateEthicsandComplianceAmbassadors" time="3.395"/>
  <testcase classname="testCases.TC_004_validate_ResourceLinks" name="validateEthicsandComplianceAmbassadors" time="0.000">
    <skipped/>
  </testcase> <!-- validateEthicsandComplianceAmbassadors -->
  <testcase classname="testCases.TC_004_validate_ResourceLinks" name="validateEthicsandComplianceProgramOverview" time="3.780"/>
  <testcase classname="testCases.TC_004_validate_ResourceLinks" name="validateEthicsandComplianceProgramOverview" time="0.000">
    <skipped/>
  </testcase> <!-- validateEthicsandComplianceProgramOverview -->
  <testcase classname="testCases.TC_004_validate_ResourceLinks" name="validateEthicsandCompliancePresentation" time="3.812"/>
  <testcase classname="testCases.TC_004_validate_ResourceLinks" name="validateEthicsandCompliancePresentation" time="0.000">
    <skipped/>
  </testcase> <!-- validateEthicsandCompliancePresentation -->
  <testcase classname="testCases.TC_004_validate_ResourceLinks" name="validateGlobalPrivacy" time="4.128"/>
  <testcase classname="testCases.TC_004_validate_ResourceLinks" name="validateGlobalPrivacy" time="0.000">
    <skipped/>
  </testcase> <!-- validateGlobalPrivacy -->
  <testcase classname="testCases.TC_004_validate_ResourceLinks" name="validateRegulatoryandBUCompilance" time="3.678"/>
  <testcase classname="testCases.TC_004_validate_ResourceLinks" name="validateRegulatoryandBUCompilance" time="0.000">
    <skipped/>
  </testcase> <!-- validateRegulatoryandBUCompilance -->
</testsuite> <!-- testCases.TC_004_validate_ResourceLinks -->
